<?xml version="1.0" encoding="UTF-8"?>
<!-- Generated by org.testng.reporters.JUnitReportReporter -->
<testsuite hostname="DESKTOP-KFSGMIP" failures="0" tests="1" name="cucumberOptions.TestRunner" time="67.517" errors="0" timestamp="2021-04-29T23:10:10 IST" skipped="0">
  <testcase classname="cucumberOptions.TestRunner" name="feature" time="67.517"/>
  <system-out/>
</testsuite> <!-- cucumberOptions.TestRunner -->
